2024-08-12 13:23:52,933 DEBUG    root            Loaded Command Group: ['gcloud', 'components']
2024-08-12 13:23:52,936 DEBUG    root            Loaded Command Group: ['gcloud', 'components', 'update']
2024-08-12 13:23:52,939 DEBUG    root            Running [gcloud.components.update] with arguments: [--quiet: "True", COMPONENT-IDS:8: "['gcloud', 'core', 'bq', 'gsutil', 'compute', 'preview', 'alpha', 'beta']"]
2024-08-12 13:23:52,940 INFO     ___FILE_ONLY___ Beginning update. This process may take several minutes.

2024-08-12 13:23:52,952 DEBUG    urllib3.connectionpool Starting new HTTPS connection (1): dl.google.com:443
2024-08-12 13:23:53,090 DEBUG    urllib3.connectionpool https://dl.google.com:443 "GET /dl/cloudsdk/channels/rapid/components-2.json HTTP/1.1" 200 223380
2024-08-12 13:23:53,112 WARNING  root            Component [preview] no longer exists.
2024-08-12 13:23:53,113 WARNING  root            Component [compute] no longer exists.
2024-08-12 13:23:53,114 INFO     ___FILE_ONLY___ 

2024-08-12 13:23:53,114 INFO     ___FILE_ONLY___ 
Your current Google Cloud CLI version is: 487.0.0

2024-08-12 13:23:53,114 INFO     ___FILE_ONLY___ Installing components from version: 487.0.0

2024-08-12 13:23:53,114 INFO     ___FILE_ONLY___ 

2024-08-12 13:23:53,115 DEBUG    root            Chosen display Format:table[box,title="These components will be removed."](details.display_name:label=Name:align=left,version.version_string:label=Version:align=right,data.size.size(zero="",min=1048576):label=Size:align=right)
2024-08-12 13:23:53,115 DEBUG    root            Chosen display Format:table[box,title="These components will be updated."](details.display_name:label=Name:align=left,version.version_string:label=Version:align=right,data.size.size(zero="",min=1048576):label=Size:align=right)
2024-08-12 13:23:53,116 DEBUG    root            Chosen display Format:table[box,title="These components will be installed."](details.display_name:label=Name:align=left,version.version_string:label=Version:align=right,data.size.size(zero="",min=1048576):label=Size:align=right)
2024-08-12 13:23:53,137 INFO     ___FILE_ONLY___ ┌──────────────────────────────────────────────┐
2024-08-12 13:23:53,137 INFO     ___FILE_ONLY___ 

2024-08-12 13:23:53,137 INFO     ___FILE_ONLY___ │     These components will be installed.      │
2024-08-12 13:23:53,137 INFO     ___FILE_ONLY___ 

2024-08-12 13:23:53,137 INFO     ___FILE_ONLY___ ├───────────────────────┬────────────┬─────────┤
2024-08-12 13:23:53,137 INFO     ___FILE_ONLY___ 

2024-08-12 13:23:53,137 INFO     ___FILE_ONLY___ │          Name         │  Version   │   Size  │
2024-08-12 13:23:53,137 INFO     ___FILE_ONLY___ 

2024-08-12 13:23:53,137 INFO     ___FILE_ONLY___ ├───────────────────────┼────────────┼─────────┤
2024-08-12 13:23:53,137 INFO     ___FILE_ONLY___ 

2024-08-12 13:23:53,138 INFO     ___FILE_ONLY___ │ 
2024-08-12 13:23:53,138 INFO     ___FILE_ONLY___ gcloud Alpha Commands
2024-08-12 13:23:53,138 INFO     ___FILE_ONLY___  
2024-08-12 13:23:53,138 INFO     ___FILE_ONLY___ │ 
2024-08-12 13:23:53,138 INFO     ___FILE_ONLY___ 2024.08.06
2024-08-12 13:23:53,138 INFO     ___FILE_ONLY___  
2024-08-12 13:23:53,138 INFO     ___FILE_ONLY___ │ 
2024-08-12 13:23:53,138 INFO     ___FILE_ONLY___ < 1 MiB
2024-08-12 13:23:53,138 INFO     ___FILE_ONLY___  
2024-08-12 13:23:53,138 INFO     ___FILE_ONLY___ │
2024-08-12 13:23:53,138 INFO     ___FILE_ONLY___ 

2024-08-12 13:23:53,138 INFO     ___FILE_ONLY___ │ 
2024-08-12 13:23:53,138 INFO     ___FILE_ONLY___ gcloud Beta Commands 
2024-08-12 13:23:53,138 INFO     ___FILE_ONLY___  
2024-08-12 13:23:53,139 INFO     ___FILE_ONLY___ │ 
2024-08-12 13:23:53,139 INFO     ___FILE_ONLY___ 2024.08.06
2024-08-12 13:23:53,139 INFO     ___FILE_ONLY___  
2024-08-12 13:23:53,139 INFO     ___FILE_ONLY___ │ 
2024-08-12 13:23:53,139 INFO     ___FILE_ONLY___ < 1 MiB
2024-08-12 13:23:53,139 INFO     ___FILE_ONLY___  
2024-08-12 13:23:53,139 INFO     ___FILE_ONLY___ │
2024-08-12 13:23:53,139 INFO     ___FILE_ONLY___ 

2024-08-12 13:23:53,139 INFO     ___FILE_ONLY___ └───────────────────────┴────────────┴─────────┘
2024-08-12 13:23:53,139 INFO     ___FILE_ONLY___ 

2024-08-12 13:23:53,139 INFO     ___FILE_ONLY___ 

2024-08-12 13:23:53,143 DEBUG    urllib3.connectionpool Starting new HTTPS connection (1): dl.google.com:443
2024-08-12 13:23:53,226 DEBUG    urllib3.connectionpool https://dl.google.com:443 "GET /dl/cloudsdk/channels/rapid/RELEASE_NOTES HTTP/1.1" 200 1252673
2024-08-12 13:23:53,358 INFO     ___FILE_ONLY___ For the latest full release notes, please visit:
  https://cloud.google.com/sdk/release_notes


2024-08-12 13:23:53,359 INFO     ___FILE_ONLY___ Performing in place update...


2024-08-12 13:23:53,361 INFO     ___FILE_ONLY___ ╔════════════════════════════════════════════════════════════╗

2024-08-12 13:23:53,361 INFO     ___FILE_ONLY___ ╠═ Downloading: gcloud Alpha Commands                       ═╣

2024-08-12 13:23:53,361 INFO     ___FILE_ONLY___ ╚
2024-08-12 13:23:53,365 DEBUG    urllib3.connectionpool Starting new HTTPS connection (1): dl.google.com:443
2024-08-12 13:23:53,531 DEBUG    urllib3.connectionpool https://dl.google.com:443 "GET /dl/cloudsdk/channels/rapid/components/google-cloud-sdk-alpha-20240806142304.tar.gz HTTP/1.1" 200 800
2024-08-12 13:23:53,532 INFO     ___FILE_ONLY___ ════════════════════════════════════════════════════════════
2024-08-12 13:23:53,533 INFO     ___FILE_ONLY___ ╝

2024-08-12 13:23:53,535 INFO     ___FILE_ONLY___ ╔════════════════════════════════════════════════════════════╗

2024-08-12 13:23:53,535 INFO     ___FILE_ONLY___ ╠═ Downloading: gcloud Beta Commands                        ═╣

2024-08-12 13:23:53,535 INFO     ___FILE_ONLY___ ╚
2024-08-12 13:23:53,539 DEBUG    urllib3.connectionpool Starting new HTTPS connection (1): dl.google.com:443
2024-08-12 13:23:53,612 DEBUG    urllib3.connectionpool https://dl.google.com:443 "GET /dl/cloudsdk/channels/rapid/components/google-cloud-sdk-beta-20240806142304.tar.gz HTTP/1.1" 200 797
2024-08-12 13:23:53,613 INFO     ___FILE_ONLY___ ════════════════════════════════════════════════════════════
2024-08-12 13:23:53,614 INFO     ___FILE_ONLY___ ╝

2024-08-12 13:23:53,616 INFO     ___FILE_ONLY___ ╔════════════════════════════════════════════════════════════╗

2024-08-12 13:23:53,616 INFO     ___FILE_ONLY___ ╠═ Installing: gcloud Alpha Commands                        ═╣

2024-08-12 13:23:53,616 INFO     ___FILE_ONLY___ ╚
2024-08-12 13:23:53,617 INFO     ___FILE_ONLY___ ════════════════════════════════════════════════════════════
2024-08-12 13:23:53,618 INFO     ___FILE_ONLY___ ╝

2024-08-12 13:23:53,627 INFO     ___FILE_ONLY___ ╔════════════════════════════════════════════════════════════╗

2024-08-12 13:23:53,628 INFO     ___FILE_ONLY___ ╠═ Installing: gcloud Beta Commands                         ═╣

2024-08-12 13:23:53,628 INFO     ___FILE_ONLY___ ╚
2024-08-12 13:23:53,629 INFO     ___FILE_ONLY___ ════════════════════════════════════════════════════════════
2024-08-12 13:23:53,629 INFO     ___FILE_ONLY___ ╝

2024-08-12 13:23:53,639 DEBUG    root            Updating notification cache...
2024-08-12 13:23:53,640 INFO     ___FILE_ONLY___ 

2024-08-12 13:23:53,642 INFO     ___FILE_ONLY___ Performing post processing steps...
2024-08-12 13:23:53,642 DEBUG    root            Executing command: ['/tools/google-cloud-sdk/bin/gcloud', 'components', 'post-process']
2024-08-12 13:24:06,727 DEBUG    ___FILE_ONLY___ 
2024-08-12 13:24:06,727 DEBUG    ___FILE_ONLY___ 
2024-08-12 13:24:06,921 INFO     ___FILE_ONLY___ 
Update done!


2024-08-12 13:24:06,925 DEBUG    root            Chosen display Format:none
2024-08-12 13:24:06,925 INFO     root            Display format: "none"
