2024-08-12 13:23:29,263 DEBUG    root            Loaded Command Group: ['gcloud', 'components']
2024-08-12 13:23:29,268 DEBUG    root            Loaded Command Group: ['gcloud', 'components', 'update']
2024-08-12 13:23:29,271 DEBUG    root            Running [gcloud.components.update] with arguments: [--allow-no-backup: "True", --compile-python: "True", --quiet: "True", COMPONENT-IDS:6: "['core', 'gcloud-deps', 'bq', 'gcloud', 'gcloud-crc32c', 'gsutil']"]
2024-08-12 13:23:29,272 INFO     ___FILE_ONLY___ Beginning update. This process may take several minutes.

2024-08-12 13:23:29,311 DEBUG    urllib3.connectionpool Starting new HTTPS connection (1): dl.google.com:443
2024-08-12 13:23:29,387 DEBUG    urllib3.connectionpool https://dl.google.com:443 "GET /dl/cloudsdk/channels/rapid/components-2.json HTTP/1.1" 200 223380
2024-08-12 13:23:29,410 INFO     ___FILE_ONLY___ 

2024-08-12 13:23:29,410 INFO     ___FILE_ONLY___ 
Your current Google Cloud CLI version is: 487.0.0

2024-08-12 13:23:29,410 INFO     ___FILE_ONLY___ Installing components from version: 487.0.0

2024-08-12 13:23:29,411 INFO     ___FILE_ONLY___ 

2024-08-12 13:23:29,411 DEBUG    root            Chosen display Format:table[box,title="These components will be removed."](details.display_name:label=Name:align=left,version.version_string:label=Version:align=right,data.size.size(zero="",min=1048576):label=Size:align=right)
2024-08-12 13:23:29,412 DEBUG    root            Chosen display Format:table[box,title="These components will be updated."](details.display_name:label=Name:align=left,version.version_string:label=Version:align=right,data.size.size(zero="",min=1048576):label=Size:align=right)
2024-08-12 13:23:29,413 DEBUG    root            Chosen display Format:table[box,title="These components will be installed."](details.display_name:label=Name:align=left,version.version_string:label=Version:align=right,data.size.size(zero="",min=1048576):label=Size:align=right)
2024-08-12 13:23:29,465 INFO     ___FILE_ONLY___ ┌─────────────────────────────────────────────────────────────────────────────┐
2024-08-12 13:23:29,465 INFO     ___FILE_ONLY___ 

2024-08-12 13:23:29,465 INFO     ___FILE_ONLY___ │                     These components will be installed.                     │
2024-08-12 13:23:29,465 INFO     ___FILE_ONLY___ 

2024-08-12 13:23:29,466 INFO     ___FILE_ONLY___ ├─────────────────────────────────────────────────────┬────────────┬──────────┤
2024-08-12 13:23:29,466 INFO     ___FILE_ONLY___ 

2024-08-12 13:23:29,466 INFO     ___FILE_ONLY___ │                         Name                        │  Version   │   Size   │
2024-08-12 13:23:29,466 INFO     ___FILE_ONLY___ 

2024-08-12 13:23:29,466 INFO     ___FILE_ONLY___ ├─────────────────────────────────────────────────────┼────────────┼──────────┤
2024-08-12 13:23:29,466 INFO     ___FILE_ONLY___ 

2024-08-12 13:23:29,466 INFO     ___FILE_ONLY___ │ 
2024-08-12 13:23:29,466 INFO     ___FILE_ONLY___ BigQuery Command Line Tool                         
2024-08-12 13:23:29,466 INFO     ___FILE_ONLY___  
2024-08-12 13:23:29,466 INFO     ___FILE_ONLY___ │ 
2024-08-12 13:23:29,466 INFO     ___FILE_ONLY___      2.1.7
2024-08-12 13:23:29,466 INFO     ___FILE_ONLY___  
2024-08-12 13:23:29,466 INFO     ___FILE_ONLY___ │ 
2024-08-12 13:23:29,467 INFO     ___FILE_ONLY___  1.7 MiB
2024-08-12 13:23:29,467 INFO     ___FILE_ONLY___  
2024-08-12 13:23:29,467 INFO     ___FILE_ONLY___ │
2024-08-12 13:23:29,467 INFO     ___FILE_ONLY___ 

2024-08-12 13:23:29,467 INFO     ___FILE_ONLY___ │ 
2024-08-12 13:23:29,467 INFO     ___FILE_ONLY___ BigQuery Command Line Tool (Platform Specific)     
2024-08-12 13:23:29,467 INFO     ___FILE_ONLY___  
2024-08-12 13:23:29,467 INFO     ___FILE_ONLY___ │ 
2024-08-12 13:23:29,467 INFO     ___FILE_ONLY___    2.0.101
2024-08-12 13:23:29,467 INFO     ___FILE_ONLY___  
2024-08-12 13:23:29,467 INFO     ___FILE_ONLY___ │ 
2024-08-12 13:23:29,467 INFO     ___FILE_ONLY___  < 1 MiB
2024-08-12 13:23:29,468 INFO     ___FILE_ONLY___  
2024-08-12 13:23:29,468 INFO     ___FILE_ONLY___ │
2024-08-12 13:23:29,468 INFO     ___FILE_ONLY___ 

2024-08-12 13:23:29,468 INFO     ___FILE_ONLY___ │ 
2024-08-12 13:23:29,468 INFO     ___FILE_ONLY___ Bundled Python 3.11 (Platform Specific)            
2024-08-12 13:23:29,468 INFO     ___FILE_ONLY___  
2024-08-12 13:23:29,468 INFO     ___FILE_ONLY___ │ 
2024-08-12 13:23:29,468 INFO     ___FILE_ONLY___     3.11.9
2024-08-12 13:23:29,468 INFO     ___FILE_ONLY___  
2024-08-12 13:23:29,468 INFO     ___FILE_ONLY___ │ 
2024-08-12 13:23:29,468 INFO     ___FILE_ONLY___ 74.2 MiB
2024-08-12 13:23:29,468 INFO     ___FILE_ONLY___  
2024-08-12 13:23:29,468 INFO     ___FILE_ONLY___ │
2024-08-12 13:23:29,469 INFO     ___FILE_ONLY___ 

2024-08-12 13:23:29,469 INFO     ___FILE_ONLY___ │ 
2024-08-12 13:23:29,469 INFO     ___FILE_ONLY___ Cloud Storage Command Line Tool                    
2024-08-12 13:23:29,469 INFO     ___FILE_ONLY___  
2024-08-12 13:23:29,469 INFO     ___FILE_ONLY___ │ 
2024-08-12 13:23:29,469 INFO     ___FILE_ONLY___       5.30
2024-08-12 13:23:29,469 INFO     ___FILE_ONLY___  
2024-08-12 13:23:29,469 INFO     ___FILE_ONLY___ │ 
2024-08-12 13:23:29,469 INFO     ___FILE_ONLY___ 11.3 MiB
2024-08-12 13:23:29,469 INFO     ___FILE_ONLY___  
2024-08-12 13:23:29,469 INFO     ___FILE_ONLY___ │
2024-08-12 13:23:29,470 INFO     ___FILE_ONLY___ 

2024-08-12 13:23:29,470 INFO     ___FILE_ONLY___ │ 
2024-08-12 13:23:29,470 INFO     ___FILE_ONLY___ Cloud Storage Command Line Tool (Platform Specific)
2024-08-12 13:23:29,470 INFO     ___FILE_ONLY___  
2024-08-12 13:23:29,470 INFO     ___FILE_ONLY___ │ 
2024-08-12 13:23:29,470 INFO     ___FILE_ONLY___       5.27
2024-08-12 13:23:29,470 INFO     ___FILE_ONLY___  
2024-08-12 13:23:29,470 INFO     ___FILE_ONLY___ │ 
2024-08-12 13:23:29,470 INFO     ___FILE_ONLY___  < 1 MiB
2024-08-12 13:23:29,470 INFO     ___FILE_ONLY___  
2024-08-12 13:23:29,470 INFO     ___FILE_ONLY___ │
2024-08-12 13:23:29,470 INFO     ___FILE_ONLY___ 

2024-08-12 13:23:29,471 INFO     ___FILE_ONLY___ │ 
2024-08-12 13:23:29,471 INFO     ___FILE_ONLY___ Google Cloud CLI Core Libraries (Platform Specific)
2024-08-12 13:23:29,471 INFO     ___FILE_ONLY___  
2024-08-12 13:23:29,471 INFO     ___FILE_ONLY___ │ 
2024-08-12 13:23:29,471 INFO     ___FILE_ONLY___ 2024.01.06
2024-08-12 13:23:29,471 INFO     ___FILE_ONLY___  
2024-08-12 13:23:29,471 INFO     ___FILE_ONLY___ │ 
2024-08-12 13:23:29,471 INFO     ___FILE_ONLY___  < 1 MiB
2024-08-12 13:23:29,471 INFO     ___FILE_ONLY___  
2024-08-12 13:23:29,471 INFO     ___FILE_ONLY___ │
2024-08-12 13:23:29,471 INFO     ___FILE_ONLY___ 

2024-08-12 13:23:29,471 INFO     ___FILE_ONLY___ │ 
2024-08-12 13:23:29,471 INFO     ___FILE_ONLY___ Google Cloud CRC32C Hash Tool (Platform Specific)  
2024-08-12 13:23:29,472 INFO     ___FILE_ONLY___  
2024-08-12 13:23:29,472 INFO     ___FILE_ONLY___ │ 
2024-08-12 13:23:29,472 INFO     ___FILE_ONLY___      1.0.0
2024-08-12 13:23:29,472 INFO     ___FILE_ONLY___  
2024-08-12 13:23:29,472 INFO     ___FILE_ONLY___ │ 
2024-08-12 13:23:29,472 INFO     ___FILE_ONLY___  1.3 MiB
2024-08-12 13:23:29,472 INFO     ___FILE_ONLY___  
2024-08-12 13:23:29,472 INFO     ___FILE_ONLY___ │
2024-08-12 13:23:29,472 INFO     ___FILE_ONLY___ 

2024-08-12 13:23:29,472 INFO     ___FILE_ONLY___ │ 
2024-08-12 13:23:29,472 INFO     ___FILE_ONLY___ gcloud cli dependencies (Platform Specific)        
2024-08-12 13:23:29,472 INFO     ___FILE_ONLY___  
2024-08-12 13:23:29,472 INFO     ___FILE_ONLY___ │ 
2024-08-12 13:23:29,473 INFO     ___FILE_ONLY___ 2021.04.16
2024-08-12 13:23:29,473 INFO     ___FILE_ONLY___  
2024-08-12 13:23:29,473 INFO     ___FILE_ONLY___ │ 
2024-08-12 13:23:29,473 INFO     ___FILE_ONLY___  < 1 MiB
2024-08-12 13:23:29,473 INFO     ___FILE_ONLY___  
2024-08-12 13:23:29,473 INFO     ___FILE_ONLY___ │
2024-08-12 13:23:29,473 INFO     ___FILE_ONLY___ 

2024-08-12 13:23:29,473 INFO     ___FILE_ONLY___ └─────────────────────────────────────────────────────┴────────────┴──────────┘
2024-08-12 13:23:29,473 INFO     ___FILE_ONLY___ 

2024-08-12 13:23:29,473 INFO     ___FILE_ONLY___ 

2024-08-12 13:23:29,477 DEBUG    urllib3.connectionpool Starting new HTTPS connection (1): dl.google.com:443
2024-08-12 13:23:29,570 DEBUG    urllib3.connectionpool https://dl.google.com:443 "GET /dl/cloudsdk/channels/rapid/RELEASE_NOTES HTTP/1.1" 200 1252673
2024-08-12 13:23:29,707 INFO     ___FILE_ONLY___ For the latest full release notes, please visit:
  https://cloud.google.com/sdk/release_notes


2024-08-12 13:23:29,708 INFO     ___FILE_ONLY___ Performing in place update...


2024-08-12 13:23:29,710 INFO     ___FILE_ONLY___ ╔════════════════════════════════════════════════════════════╗

2024-08-12 13:23:29,710 INFO     ___FILE_ONLY___ ╠═ Downloading: BigQuery Command Line Tool                  ═╣

2024-08-12 13:23:29,710 INFO     ___FILE_ONLY___ ╚
2024-08-12 13:23:29,714 DEBUG    urllib3.connectionpool Starting new HTTPS connection (1): dl.google.com:443
2024-08-12 13:23:29,813 DEBUG    urllib3.connectionpool https://dl.google.com:443 "GET /dl/cloudsdk/channels/rapid/components/google-cloud-sdk-bq-20240712142834.tar.gz HTTP/1.1" 200 1808321
2024-08-12 13:23:29,887 INFO     ___FILE_ONLY___ ═
2024-08-12 13:23:29,887 INFO     ___FILE_ONLY___ ═
2024-08-12 13:23:29,887 INFO     ___FILE_ONLY___ ═
2024-08-12 13:23:29,887 INFO     ___FILE_ONLY___ ═
2024-08-12 13:23:29,888 INFO     ___FILE_ONLY___ ═
2024-08-12 13:23:29,888 INFO     ___FILE_ONLY___ ═
2024-08-12 13:23:29,888 INFO     ___FILE_ONLY___ ═
2024-08-12 13:23:29,888 INFO     ___FILE_ONLY___ ═
2024-08-12 13:23:29,888 INFO     ___FILE_ONLY___ ═
2024-08-12 13:23:29,888 INFO     ___FILE_ONLY___ ═
2024-08-12 13:23:29,889 INFO     ___FILE_ONLY___ ═
2024-08-12 13:23:29,889 INFO     ___FILE_ONLY___ ═
2024-08-12 13:23:29,889 INFO     ___FILE_ONLY___ ═
2024-08-12 13:23:29,889 INFO     ___FILE_ONLY___ ═
2024-08-12 13:23:29,889 INFO     ___FILE_ONLY___ ═
2024-08-12 13:23:29,889 INFO     ___FILE_ONLY___ ═
2024-08-12 13:23:29,889 INFO     ___FILE_ONLY___ ═
2024-08-12 13:23:29,889 INFO     ___FILE_ONLY___ ═
2024-08-12 13:23:29,890 INFO     ___FILE_ONLY___ ═
2024-08-12 13:23:29,890 INFO     ___FILE_ONLY___ ═
2024-08-12 13:23:29,890 INFO     ___FILE_ONLY___ ═
2024-08-12 13:23:29,890 INFO     ___FILE_ONLY___ ═
2024-08-12 13:23:29,890 INFO     ___FILE_ONLY___ ═
2024-08-12 13:23:29,890 INFO     ___FILE_ONLY___ ═
2024-08-12 13:23:29,890 INFO     ___FILE_ONLY___ ═
2024-08-12 13:23:29,890 INFO     ___FILE_ONLY___ ═
2024-08-12 13:23:29,891 INFO     ___FILE_ONLY___ ═
2024-08-12 13:23:29,891 INFO     ___FILE_ONLY___ ═
2024-08-12 13:23:29,891 INFO     ___FILE_ONLY___ ═
2024-08-12 13:23:29,891 INFO     ___FILE_ONLY___ ═
2024-08-12 13:23:29,891 INFO     ___FILE_ONLY___ ═
2024-08-12 13:23:29,891 INFO     ___FILE_ONLY___ ═
2024-08-12 13:23:29,891 INFO     ___FILE_ONLY___ ═
2024-08-12 13:23:29,891 INFO     ___FILE_ONLY___ ═
2024-08-12 13:23:29,892 INFO     ___FILE_ONLY___ ═
2024-08-12 13:23:29,892 INFO     ___FILE_ONLY___ ═
2024-08-12 13:23:29,892 INFO     ___FILE_ONLY___ ═
2024-08-12 13:23:29,892 INFO     ___FILE_ONLY___ ═
2024-08-12 13:23:29,892 INFO     ___FILE_ONLY___ ═
2024-08-12 13:23:29,892 INFO     ___FILE_ONLY___ ═
2024-08-12 13:23:29,892 INFO     ___FILE_ONLY___ ═
2024-08-12 13:23:29,892 INFO     ___FILE_ONLY___ ═
2024-08-12 13:23:29,892 INFO     ___FILE_ONLY___ ═
2024-08-12 13:23:29,893 INFO     ___FILE_ONLY___ ═
2024-08-12 13:23:29,893 INFO     ___FILE_ONLY___ ═
2024-08-12 13:23:29,893 INFO     ___FILE_ONLY___ ═
2024-08-12 13:23:29,893 INFO     ___FILE_ONLY___ ═
2024-08-12 13:23:29,893 INFO     ___FILE_ONLY___ ═
2024-08-12 13:23:29,893 INFO     ___FILE_ONLY___ ═
2024-08-12 13:23:29,893 INFO     ___FILE_ONLY___ ═
2024-08-12 13:23:29,893 INFO     ___FILE_ONLY___ ═
2024-08-12 13:23:29,894 INFO     ___FILE_ONLY___ ═
2024-08-12 13:23:29,894 INFO     ___FILE_ONLY___ ═
2024-08-12 13:23:29,894 INFO     ___FILE_ONLY___ ═
2024-08-12 13:23:29,894 INFO     ___FILE_ONLY___ ═
2024-08-12 13:23:29,894 INFO     ___FILE_ONLY___ ═
2024-08-12 13:23:29,894 INFO     ___FILE_ONLY___ ═
2024-08-12 13:23:29,894 INFO     ___FILE_ONLY___ ═
2024-08-12 13:23:29,894 INFO     ___FILE_ONLY___ ═
2024-08-12 13:23:29,895 INFO     ___FILE_ONLY___ ═
2024-08-12 13:23:29,895 INFO     ___FILE_ONLY___ ╝

2024-08-12 13:23:29,897 INFO     ___FILE_ONLY___ ╔════════════════════════════════════════════════════════════╗

2024-08-12 13:23:29,897 INFO     ___FILE_ONLY___ ╠═ Downloading: BigQuery Command Line Tool (Platform Spe... ═╣

2024-08-12 13:23:29,898 INFO     ___FILE_ONLY___ ╚
2024-08-12 13:23:29,902 DEBUG    urllib3.connectionpool Starting new HTTPS connection (1): dl.google.com:443
2024-08-12 13:23:30,009 DEBUG    urllib3.connectionpool https://dl.google.com:443 "GET /dl/cloudsdk/channels/rapid/components/google-cloud-sdk-bq-nix-20240106004423.tar.gz HTTP/1.1" 200 2026
2024-08-12 13:23:30,010 INFO     ___FILE_ONLY___ ════════════════════════════════════════════════════════════
2024-08-12 13:23:30,010 INFO     ___FILE_ONLY___ ╝

2024-08-12 13:23:30,012 INFO     ___FILE_ONLY___ ╔════════════════════════════════════════════════════════════╗

2024-08-12 13:23:30,012 INFO     ___FILE_ONLY___ ╠═ Downloading: Bundled Python 3.11                         ═╣

2024-08-12 13:23:30,012 INFO     ___FILE_ONLY___ ╚
2024-08-12 13:23:30,013 INFO     ___FILE_ONLY___ ════════════════════════════════════════════════════════════
2024-08-12 13:23:30,013 INFO     ___FILE_ONLY___ ╝

2024-08-12 13:23:30,015 INFO     ___FILE_ONLY___ ╔════════════════════════════════════════════════════════════╗

2024-08-12 13:23:30,015 INFO     ___FILE_ONLY___ ╠═ Downloading: Bundled Python 3.11 (Platform Specific)     ═╣

2024-08-12 13:23:30,015 INFO     ___FILE_ONLY___ ╚
2024-08-12 13:23:30,019 DEBUG    urllib3.connectionpool Starting new HTTPS connection (1): dl.google.com:443
2024-08-12 13:23:30,108 DEBUG    urllib3.connectionpool https://dl.google.com:443 "GET /dl/cloudsdk/channels/rapid/components/google-cloud-sdk-bundled-python3-unix-linux-x86_64-20240806142304.tar.gz HTTP/1.1" 200 77768547
2024-08-12 13:23:30,904 INFO     ___FILE_ONLY___ ═
2024-08-12 13:23:30,906 INFO     ___FILE_ONLY___ ═
2024-08-12 13:23:30,908 INFO     ___FILE_ONLY___ ═
2024-08-12 13:23:30,910 INFO     ___FILE_ONLY___ ═
2024-08-12 13:23:30,911 INFO     ___FILE_ONLY___ ═
2024-08-12 13:23:30,913 INFO     ___FILE_ONLY___ ═
2024-08-12 13:23:30,915 INFO     ___FILE_ONLY___ ═
2024-08-12 13:23:30,917 INFO     ___FILE_ONLY___ ═
2024-08-12 13:23:30,918 INFO     ___FILE_ONLY___ ═
2024-08-12 13:23:30,920 INFO     ___FILE_ONLY___ ═
2024-08-12 13:23:30,922 INFO     ___FILE_ONLY___ ═
2024-08-12 13:23:30,924 INFO     ___FILE_ONLY___ ═
2024-08-12 13:23:30,925 INFO     ___FILE_ONLY___ ═
2024-08-12 13:23:30,927 INFO     ___FILE_ONLY___ ═
2024-08-12 13:23:30,929 INFO     ___FILE_ONLY___ ═
2024-08-12 13:23:30,931 INFO     ___FILE_ONLY___ ═
2024-08-12 13:23:30,932 INFO     ___FILE_ONLY___ ═
2024-08-12 13:23:30,934 INFO     ___FILE_ONLY___ ═
2024-08-12 13:23:30,936 INFO     ___FILE_ONLY___ ═
2024-08-12 13:23:30,938 INFO     ___FILE_ONLY___ ═
2024-08-12 13:23:30,940 INFO     ___FILE_ONLY___ ═
2024-08-12 13:23:30,942 INFO     ___FILE_ONLY___ ═
2024-08-12 13:23:30,943 INFO     ___FILE_ONLY___ ═
2024-08-12 13:23:30,945 INFO     ___FILE_ONLY___ ═
2024-08-12 13:23:30,947 INFO     ___FILE_ONLY___ ═
2024-08-12 13:23:30,949 INFO     ___FILE_ONLY___ ═
2024-08-12 13:23:30,951 INFO     ___FILE_ONLY___ ═
2024-08-12 13:23:30,953 INFO     ___FILE_ONLY___ ═
2024-08-12 13:23:30,955 INFO     ___FILE_ONLY___ ═
2024-08-12 13:23:30,956 INFO     ___FILE_ONLY___ ═
2024-08-12 13:23:30,958 INFO     ___FILE_ONLY___ ═
2024-08-12 13:23:30,960 INFO     ___FILE_ONLY___ ═
2024-08-12 13:23:30,962 INFO     ___FILE_ONLY___ ═
2024-08-12 13:23:30,964 INFO     ___FILE_ONLY___ ═
2024-08-12 13:23:30,966 INFO     ___FILE_ONLY___ ═
2024-08-12 13:23:30,967 INFO     ___FILE_ONLY___ ═
2024-08-12 13:23:30,969 INFO     ___FILE_ONLY___ ═
2024-08-12 13:23:30,971 INFO     ___FILE_ONLY___ ═
2024-08-12 13:23:30,973 INFO     ___FILE_ONLY___ ═
2024-08-12 13:23:30,975 INFO     ___FILE_ONLY___ ═
2024-08-12 13:23:30,977 INFO     ___FILE_ONLY___ ═
2024-08-12 13:23:30,978 INFO     ___FILE_ONLY___ ═
2024-08-12 13:23:30,980 INFO     ___FILE_ONLY___ ═
2024-08-12 13:23:30,982 INFO     ___FILE_ONLY___ ═
2024-08-12 13:23:30,984 INFO     ___FILE_ONLY___ ═
2024-08-12 13:23:30,986 INFO     ___FILE_ONLY___ ═
2024-08-12 13:23:30,987 INFO     ___FILE_ONLY___ ═
2024-08-12 13:23:30,989 INFO     ___FILE_ONLY___ ═
2024-08-12 13:23:30,991 INFO     ___FILE_ONLY___ ═
2024-08-12 13:23:30,993 INFO     ___FILE_ONLY___ ═
2024-08-12 13:23:30,995 INFO     ___FILE_ONLY___ ═
2024-08-12 13:23:30,997 INFO     ___FILE_ONLY___ ═
2024-08-12 13:23:30,998 INFO     ___FILE_ONLY___ ═
2024-08-12 13:23:31,000 INFO     ___FILE_ONLY___ ═
2024-08-12 13:23:31,002 INFO     ___FILE_ONLY___ ═
2024-08-12 13:23:31,004 INFO     ___FILE_ONLY___ ═
2024-08-12 13:23:31,006 INFO     ___FILE_ONLY___ ═
2024-08-12 13:23:31,008 INFO     ___FILE_ONLY___ ═
2024-08-12 13:23:31,009 INFO     ___FILE_ONLY___ ═
2024-08-12 13:23:31,011 INFO     ___FILE_ONLY___ ═
2024-08-12 13:23:31,011 INFO     ___FILE_ONLY___ ╝

2024-08-12 13:23:31,014 INFO     ___FILE_ONLY___ ╔════════════════════════════════════════════════════════════╗

2024-08-12 13:23:31,014 INFO     ___FILE_ONLY___ ╠═ Downloading: Cloud Storage Command Line Tool             ═╣

2024-08-12 13:23:31,014 INFO     ___FILE_ONLY___ ╚
2024-08-12 13:23:31,025 DEBUG    urllib3.connectionpool Starting new HTTPS connection (1): dl.google.com:443
2024-08-12 13:23:31,119 DEBUG    urllib3.connectionpool https://dl.google.com:443 "GET /dl/cloudsdk/channels/rapid/components/google-cloud-sdk-gsutil-20240614142823.tar.gz HTTP/1.1" 200 11883175
2024-08-12 13:23:31,291 INFO     ___FILE_ONLY___ ═
2024-08-12 13:23:31,291 INFO     ___FILE_ONLY___ ═
2024-08-12 13:23:31,291 INFO     ___FILE_ONLY___ ═
2024-08-12 13:23:31,292 INFO     ___FILE_ONLY___ ═
2024-08-12 13:23:31,292 INFO     ___FILE_ONLY___ ═
2024-08-12 13:23:31,293 INFO     ___FILE_ONLY___ ═
2024-08-12 13:23:31,293 INFO     ___FILE_ONLY___ ═
2024-08-12 13:23:31,293 INFO     ___FILE_ONLY___ ═
2024-08-12 13:23:31,294 INFO     ___FILE_ONLY___ ═
2024-08-12 13:23:31,294 INFO     ___FILE_ONLY___ ═
2024-08-12 13:23:31,294 INFO     ___FILE_ONLY___ ═
2024-08-12 13:23:31,295 INFO     ___FILE_ONLY___ ═
2024-08-12 13:23:31,295 INFO     ___FILE_ONLY___ ═
2024-08-12 13:23:31,295 INFO     ___FILE_ONLY___ ═
2024-08-12 13:23:31,296 INFO     ___FILE_ONLY___ ═
2024-08-12 13:23:31,296 INFO     ___FILE_ONLY___ ═
2024-08-12 13:23:31,296 INFO     ___FILE_ONLY___ ═
2024-08-12 13:23:31,297 INFO     ___FILE_ONLY___ ═
2024-08-12 13:23:31,297 INFO     ___FILE_ONLY___ ═
2024-08-12 13:23:31,297 INFO     ___FILE_ONLY___ ═
2024-08-12 13:23:31,298 INFO     ___FILE_ONLY___ ═
2024-08-12 13:23:31,298 INFO     ___FILE_ONLY___ ═
2024-08-12 13:23:31,298 INFO     ___FILE_ONLY___ ═
2024-08-12 13:23:31,299 INFO     ___FILE_ONLY___ ═
2024-08-12 13:23:31,299 INFO     ___FILE_ONLY___ ═
2024-08-12 13:23:31,299 INFO     ___FILE_ONLY___ ═
2024-08-12 13:23:31,300 INFO     ___FILE_ONLY___ ═
2024-08-12 13:23:31,300 INFO     ___FILE_ONLY___ ═
2024-08-12 13:23:31,300 INFO     ___FILE_ONLY___ ═
2024-08-12 13:23:31,301 INFO     ___FILE_ONLY___ ═
2024-08-12 13:23:31,301 INFO     ___FILE_ONLY___ ═
2024-08-12 13:23:31,302 INFO     ___FILE_ONLY___ ═
2024-08-12 13:23:31,302 INFO     ___FILE_ONLY___ ═
2024-08-12 13:23:31,302 INFO     ___FILE_ONLY___ ═
2024-08-12 13:23:31,303 INFO     ___FILE_ONLY___ ═
2024-08-12 13:23:31,303 INFO     ___FILE_ONLY___ ═
2024-08-12 13:23:31,303 INFO     ___FILE_ONLY___ ═
2024-08-12 13:23:31,304 INFO     ___FILE_ONLY___ ═
2024-08-12 13:23:31,304 INFO     ___FILE_ONLY___ ═
2024-08-12 13:23:31,304 INFO     ___FILE_ONLY___ ═
2024-08-12 13:23:31,305 INFO     ___FILE_ONLY___ ═
2024-08-12 13:23:31,305 INFO     ___FILE_ONLY___ ═
2024-08-12 13:23:31,305 INFO     ___FILE_ONLY___ ═
2024-08-12 13:23:31,306 INFO     ___FILE_ONLY___ ═
2024-08-12 13:23:31,306 INFO     ___FILE_ONLY___ ═
2024-08-12 13:23:31,306 INFO     ___FILE_ONLY___ ═
2024-08-12 13:23:31,307 INFO     ___FILE_ONLY___ ═
2024-08-12 13:23:31,307 INFO     ___FILE_ONLY___ ═
2024-08-12 13:23:31,307 INFO     ___FILE_ONLY___ ═
2024-08-12 13:23:31,308 INFO     ___FILE_ONLY___ ═
2024-08-12 13:23:31,308 INFO     ___FILE_ONLY___ ═
2024-08-12 13:23:31,308 INFO     ___FILE_ONLY___ ═
2024-08-12 13:23:31,309 INFO     ___FILE_ONLY___ ═
2024-08-12 13:23:31,309 INFO     ___FILE_ONLY___ ═
2024-08-12 13:23:31,309 INFO     ___FILE_ONLY___ ═
2024-08-12 13:23:31,310 INFO     ___FILE_ONLY___ ═
2024-08-12 13:23:31,310 INFO     ___FILE_ONLY___ ═
2024-08-12 13:23:31,310 INFO     ___FILE_ONLY___ ═
2024-08-12 13:23:31,311 INFO     ___FILE_ONLY___ ═
2024-08-12 13:23:31,311 INFO     ___FILE_ONLY___ ═
2024-08-12 13:23:31,311 INFO     ___FILE_ONLY___ ╝

2024-08-12 13:23:31,314 INFO     ___FILE_ONLY___ ╔════════════════════════════════════════════════════════════╗

2024-08-12 13:23:31,314 INFO     ___FILE_ONLY___ ╠═ Downloading: Cloud Storage Command Line Tool (Platfor... ═╣

2024-08-12 13:23:31,314 INFO     ___FILE_ONLY___ ╚
2024-08-12 13:23:31,318 DEBUG    urllib3.connectionpool Starting new HTTPS connection (1): dl.google.com:443
2024-08-12 13:23:31,391 DEBUG    urllib3.connectionpool https://dl.google.com:443 "GET /dl/cloudsdk/channels/rapid/components/google-cloud-sdk-gsutil-nix-20240106004423.tar.gz HTTP/1.1" 200 2042
2024-08-12 13:23:31,392 INFO     ___FILE_ONLY___ ════════════════════════════════════════════════════════════
2024-08-12 13:23:31,392 INFO     ___FILE_ONLY___ ╝

2024-08-12 13:23:31,394 INFO     ___FILE_ONLY___ ╔════════════════════════════════════════════════════════════╗

2024-08-12 13:23:31,394 INFO     ___FILE_ONLY___ ╠═ Downloading: Default set of gcloud commands              ═╣

2024-08-12 13:23:31,394 INFO     ___FILE_ONLY___ ╚
2024-08-12 13:23:31,395 INFO     ___FILE_ONLY___ ════════════════════════════════════════════════════════════
2024-08-12 13:23:31,395 INFO     ___FILE_ONLY___ ╝

2024-08-12 13:23:31,397 INFO     ___FILE_ONLY___ ╔════════════════════════════════════════════════════════════╗

2024-08-12 13:23:31,397 INFO     ___FILE_ONLY___ ╠═ Downloading: Google Cloud CLI Core Libraries (Platfor... ═╣

2024-08-12 13:23:31,397 INFO     ___FILE_ONLY___ ╚
2024-08-12 13:23:31,401 DEBUG    urllib3.connectionpool Starting new HTTPS connection (1): dl.google.com:443
2024-08-12 13:23:31,474 DEBUG    urllib3.connectionpool https://dl.google.com:443 "GET /dl/cloudsdk/channels/rapid/components/google-cloud-sdk-core-nix-20240106004423.tar.gz HTTP/1.1" 200 2410
2024-08-12 13:23:31,475 INFO     ___FILE_ONLY___ ════════════════════════════════════════════════════════════
2024-08-12 13:23:31,475 INFO     ___FILE_ONLY___ ╝

2024-08-12 13:23:31,478 INFO     ___FILE_ONLY___ ╔════════════════════════════════════════════════════════════╗

2024-08-12 13:23:31,478 INFO     ___FILE_ONLY___ ╠═ Downloading: Google Cloud CRC32C Hash Tool               ═╣

2024-08-12 13:23:31,478 INFO     ___FILE_ONLY___ ╚
2024-08-12 13:23:31,478 INFO     ___FILE_ONLY___ ════════════════════════════════════════════════════════════
2024-08-12 13:23:31,478 INFO     ___FILE_ONLY___ ╝

2024-08-12 13:23:31,481 INFO     ___FILE_ONLY___ ╔════════════════════════════════════════════════════════════╗

2024-08-12 13:23:31,481 INFO     ___FILE_ONLY___ ╠═ Downloading: Google Cloud CRC32C Hash Tool (Platform ... ═╣

2024-08-12 13:23:31,481 INFO     ___FILE_ONLY___ ╚
2024-08-12 13:23:31,485 DEBUG    urllib3.connectionpool Starting new HTTPS connection (1): dl.google.com:443
2024-08-12 13:23:31,574 DEBUG    urllib3.connectionpool https://dl.google.com:443 "GET /dl/cloudsdk/channels/rapid/components/google-cloud-sdk-gcloud-crc32c-linux-x86_64-20240712142834.tar.gz HTTP/1.1" 200 1350263
2024-08-12 13:23:31,637 INFO     ___FILE_ONLY___ ═
2024-08-12 13:23:31,638 INFO     ___FILE_ONLY___ ═
2024-08-12 13:23:31,638 INFO     ___FILE_ONLY___ ═
2024-08-12 13:23:31,638 INFO     ___FILE_ONLY___ ═
2024-08-12 13:23:31,638 INFO     ___FILE_ONLY___ ═
2024-08-12 13:23:31,638 INFO     ___FILE_ONLY___ ═
2024-08-12 13:23:31,638 INFO     ___FILE_ONLY___ ═
2024-08-12 13:23:31,638 INFO     ___FILE_ONLY___ ═
2024-08-12 13:23:31,639 INFO     ___FILE_ONLY___ ═
2024-08-12 13:23:31,639 INFO     ___FILE_ONLY___ ═
2024-08-12 13:23:31,639 INFO     ___FILE_ONLY___ ═
2024-08-12 13:23:31,639 INFO     ___FILE_ONLY___ ═
2024-08-12 13:23:31,639 INFO     ___FILE_ONLY___ ═
2024-08-12 13:23:31,639 INFO     ___FILE_ONLY___ ═
2024-08-12 13:23:31,639 INFO     ___FILE_ONLY___ ═
2024-08-12 13:23:31,639 INFO     ___FILE_ONLY___ ═
2024-08-12 13:23:31,639 INFO     ___FILE_ONLY___ ═
2024-08-12 13:23:31,639 INFO     ___FILE_ONLY___ ═
2024-08-12 13:23:31,640 INFO     ___FILE_ONLY___ ═
2024-08-12 13:23:31,640 INFO     ___FILE_ONLY___ ═
2024-08-12 13:23:31,640 INFO     ___FILE_ONLY___ ═
2024-08-12 13:23:31,640 INFO     ___FILE_ONLY___ ═
2024-08-12 13:23:31,640 INFO     ___FILE_ONLY___ ═
2024-08-12 13:23:31,640 INFO     ___FILE_ONLY___ ═
2024-08-12 13:23:31,640 INFO     ___FILE_ONLY___ ═
2024-08-12 13:23:31,640 INFO     ___FILE_ONLY___ ═
2024-08-12 13:23:31,640 INFO     ___FILE_ONLY___ ═
2024-08-12 13:23:31,641 INFO     ___FILE_ONLY___ ═
2024-08-12 13:23:31,641 INFO     ___FILE_ONLY___ ═
2024-08-12 13:23:31,641 INFO     ___FILE_ONLY___ ═
2024-08-12 13:23:31,641 INFO     ___FILE_ONLY___ ═
2024-08-12 13:23:31,641 INFO     ___FILE_ONLY___ ═
2024-08-12 13:23:31,641 INFO     ___FILE_ONLY___ ═
2024-08-12 13:23:31,641 INFO     ___FILE_ONLY___ ═
2024-08-12 13:23:31,641 INFO     ___FILE_ONLY___ ═
2024-08-12 13:23:31,641 INFO     ___FILE_ONLY___ ═
2024-08-12 13:23:31,642 INFO     ___FILE_ONLY___ ═
2024-08-12 13:23:31,642 INFO     ___FILE_ONLY___ ═
2024-08-12 13:23:31,642 INFO     ___FILE_ONLY___ ═
2024-08-12 13:23:31,642 INFO     ___FILE_ONLY___ ═
2024-08-12 13:23:31,642 INFO     ___FILE_ONLY___ ═
2024-08-12 13:23:31,642 INFO     ___FILE_ONLY___ ═
2024-08-12 13:23:31,642 INFO     ___FILE_ONLY___ ═
2024-08-12 13:23:31,642 INFO     ___FILE_ONLY___ ═
2024-08-12 13:23:31,642 INFO     ___FILE_ONLY___ ═
2024-08-12 13:23:31,642 INFO     ___FILE_ONLY___ ═
2024-08-12 13:23:31,643 INFO     ___FILE_ONLY___ ═
2024-08-12 13:23:31,643 INFO     ___FILE_ONLY___ ═
2024-08-12 13:23:31,643 INFO     ___FILE_ONLY___ ═
2024-08-12 13:23:31,643 INFO     ___FILE_ONLY___ ═
2024-08-12 13:23:31,643 INFO     ___FILE_ONLY___ ═
2024-08-12 13:23:31,643 INFO     ___FILE_ONLY___ ═
2024-08-12 13:23:31,643 INFO     ___FILE_ONLY___ ═
2024-08-12 13:23:31,643 INFO     ___FILE_ONLY___ ═
2024-08-12 13:23:31,643 INFO     ___FILE_ONLY___ ═
2024-08-12 13:23:31,644 INFO     ___FILE_ONLY___ ═
2024-08-12 13:23:31,644 INFO     ___FILE_ONLY___ ═
2024-08-12 13:23:31,644 INFO     ___FILE_ONLY___ ═
2024-08-12 13:23:31,644 INFO     ___FILE_ONLY___ ═
2024-08-12 13:23:31,644 INFO     ___FILE_ONLY___ ═
2024-08-12 13:23:31,644 INFO     ___FILE_ONLY___ ╝

2024-08-12 13:23:31,646 INFO     ___FILE_ONLY___ ╔════════════════════════════════════════════════════════════╗

2024-08-12 13:23:31,647 INFO     ___FILE_ONLY___ ╠═ Downloading: gcloud cli dependencies (Platform Specific) ═╣

2024-08-12 13:23:31,647 INFO     ___FILE_ONLY___ ╚
2024-08-12 13:23:31,651 DEBUG    urllib3.connectionpool Starting new HTTPS connection (1): dl.google.com:443
2024-08-12 13:23:31,724 DEBUG    urllib3.connectionpool https://dl.google.com:443 "GET /dl/cloudsdk/channels/rapid/components/google-cloud-sdk-gcloud-deps-linux-x86_64-20210416153011.tar.gz HTTP/1.1" 200 104
2024-08-12 13:23:31,725 INFO     ___FILE_ONLY___ ════════════════════════════════════════════════════════════
2024-08-12 13:23:31,725 INFO     ___FILE_ONLY___ ╝

2024-08-12 13:23:31,727 INFO     ___FILE_ONLY___ ╔════════════════════════════════════════════════════════════╗

2024-08-12 13:23:31,727 INFO     ___FILE_ONLY___ ╠═ Installing: BigQuery Command Line Tool                   ═╣

2024-08-12 13:23:31,727 INFO     ___FILE_ONLY___ ╚
2024-08-12 13:23:31,870 INFO     ___FILE_ONLY___ ═
2024-08-12 13:23:31,873 INFO     ___FILE_ONLY___ ═
2024-08-12 13:23:31,876 INFO     ___FILE_ONLY___ ═
2024-08-12 13:23:31,879 INFO     ___FILE_ONLY___ ═
2024-08-12 13:23:31,883 INFO     ___FILE_ONLY___ ═
2024-08-12 13:23:31,885 INFO     ___FILE_ONLY___ ═
2024-08-12 13:23:31,888 INFO     ___FILE_ONLY___ ═
2024-08-12 13:23:31,890 INFO     ___FILE_ONLY___ ═
2024-08-12 13:23:31,893 INFO     ___FILE_ONLY___ ═
2024-08-12 13:23:31,895 INFO     ___FILE_ONLY___ ═
2024-08-12 13:23:31,898 INFO     ___FILE_ONLY___ ═
2024-08-12 13:23:31,900 INFO     ___FILE_ONLY___ ═
2024-08-12 13:23:31,903 INFO     ___FILE_ONLY___ ═
2024-08-12 13:23:31,906 INFO     ___FILE_ONLY___ ═
2024-08-12 13:23:31,908 INFO     ___FILE_ONLY___ ═
2024-08-12 13:23:31,910 INFO     ___FILE_ONLY___ ═
2024-08-12 13:23:31,913 INFO     ___FILE_ONLY___ ═
2024-08-12 13:23:31,917 INFO     ___FILE_ONLY___ ═
2024-08-12 13:23:31,920 INFO     ___FILE_ONLY___ ═
2024-08-12 13:23:31,922 INFO     ___FILE_ONLY___ ═
2024-08-12 13:23:31,925 INFO     ___FILE_ONLY___ ═
2024-08-12 13:23:31,927 INFO     ___FILE_ONLY___ ═
2024-08-12 13:23:31,929 INFO     ___FILE_ONLY___ ═
2024-08-12 13:23:31,931 INFO     ___FILE_ONLY___ ═
2024-08-12 13:23:31,934 INFO     ___FILE_ONLY___ ═
2024-08-12 13:23:31,936 INFO     ___FILE_ONLY___ ═
2024-08-12 13:23:31,939 INFO     ___FILE_ONLY___ ═
2024-08-12 13:23:31,943 INFO     ___FILE_ONLY___ ═
2024-08-12 13:23:31,946 INFO     ___FILE_ONLY___ ═
2024-08-12 13:23:31,948 INFO     ___FILE_ONLY___ ═
2024-08-12 13:23:31,950 INFO     ___FILE_ONLY___ ═
2024-08-12 13:23:31,953 INFO     ___FILE_ONLY___ ═
2024-08-12 13:23:31,956 INFO     ___FILE_ONLY___ ═
2024-08-12 13:23:31,961 INFO     ___FILE_ONLY___ ═
2024-08-12 13:23:31,970 INFO     ___FILE_ONLY___ ═
2024-08-12 13:23:31,972 INFO     ___FILE_ONLY___ ═
2024-08-12 13:23:31,975 INFO     ___FILE_ONLY___ ═
2024-08-12 13:23:31,981 INFO     ___FILE_ONLY___ ═
2024-08-12 13:23:31,984 INFO     ___FILE_ONLY___ ═
2024-08-12 13:23:31,986 INFO     ___FILE_ONLY___ ═
2024-08-12 13:23:31,989 INFO     ___FILE_ONLY___ ═
2024-08-12 13:23:31,993 INFO     ___FILE_ONLY___ ═
2024-08-12 13:23:31,997 INFO     ___FILE_ONLY___ ═
2024-08-12 13:23:31,999 INFO     ___FILE_ONLY___ ═
2024-08-12 13:23:32,001 INFO     ___FILE_ONLY___ ═
2024-08-12 13:23:32,004 INFO     ___FILE_ONLY___ ═
2024-08-12 13:23:32,006 INFO     ___FILE_ONLY___ ═
2024-08-12 13:23:32,009 INFO     ___FILE_ONLY___ ═
2024-08-12 13:23:32,011 INFO     ___FILE_ONLY___ ═
2024-08-12 13:23:32,014 INFO     ___FILE_ONLY___ ═
2024-08-12 13:23:32,016 INFO     ___FILE_ONLY___ ═
2024-08-12 13:23:32,018 INFO     ___FILE_ONLY___ ═
2024-08-12 13:23:32,021 INFO     ___FILE_ONLY___ ═
2024-08-12 13:23:32,023 INFO     ___FILE_ONLY___ ═
2024-08-12 13:23:32,026 INFO     ___FILE_ONLY___ ═
2024-08-12 13:23:32,028 INFO     ___FILE_ONLY___ ═
2024-08-12 13:23:32,030 INFO     ___FILE_ONLY___ ═
2024-08-12 13:23:32,033 INFO     ___FILE_ONLY___ ═
2024-08-12 13:23:32,035 INFO     ___FILE_ONLY___ ═
2024-08-12 13:23:32,038 INFO     ___FILE_ONLY___ ═
2024-08-12 13:23:32,038 INFO     ___FILE_ONLY___ ╝

2024-08-12 13:23:32,055 INFO     ___FILE_ONLY___ ╔════════════════════════════════════════════════════════════╗

2024-08-12 13:23:32,055 INFO     ___FILE_ONLY___ ╠═ Installing: BigQuery Command Line Tool (Platform Spec... ═╣

2024-08-12 13:23:32,056 INFO     ___FILE_ONLY___ ╚
2024-08-12 13:23:32,057 INFO     ___FILE_ONLY___ ════════════════════════════════════════════════════════════
2024-08-12 13:23:32,057 INFO     ___FILE_ONLY___ ╝

2024-08-12 13:23:32,065 INFO     ___FILE_ONLY___ ╔════════════════════════════════════════════════════════════╗

2024-08-12 13:23:32,065 INFO     ___FILE_ONLY___ ╠═ Installing: Bundled Python 3.11                          ═╣

2024-08-12 13:23:32,065 INFO     ___FILE_ONLY___ ╚
2024-08-12 13:23:32,071 INFO     ___FILE_ONLY___ ════════════════════════════════════════════════════════════
2024-08-12 13:23:32,071 INFO     ___FILE_ONLY___ ╝

2024-08-12 13:23:32,073 INFO     ___FILE_ONLY___ ╔════════════════════════════════════════════════════════════╗

2024-08-12 13:23:32,074 INFO     ___FILE_ONLY___ ╠═ Installing: Bundled Python 3.11 (Platform Specific)      ═╣

2024-08-12 13:23:32,074 INFO     ___FILE_ONLY___ ╚
2024-08-12 13:23:34,502 INFO     ___FILE_ONLY___ ═
2024-08-12 13:23:34,516 INFO     ___FILE_ONLY___ ═
2024-08-12 13:23:34,531 INFO     ___FILE_ONLY___ ═
2024-08-12 13:23:34,546 INFO     ___FILE_ONLY___ ═
2024-08-12 13:23:34,561 INFO     ___FILE_ONLY___ ═
2024-08-12 13:23:34,576 INFO     ___FILE_ONLY___ ═
2024-08-12 13:23:34,592 INFO     ___FILE_ONLY___ ═
2024-08-12 13:23:34,606 INFO     ___FILE_ONLY___ ═
2024-08-12 13:23:34,622 INFO     ___FILE_ONLY___ ═
2024-08-12 13:23:34,638 INFO     ___FILE_ONLY___ ═
2024-08-12 13:23:34,653 INFO     ___FILE_ONLY___ ═
2024-08-12 13:23:34,668 INFO     ___FILE_ONLY___ ═
2024-08-12 13:23:34,683 INFO     ___FILE_ONLY___ ═
2024-08-12 13:23:34,697 INFO     ___FILE_ONLY___ ═
2024-08-12 13:23:34,712 INFO     ___FILE_ONLY___ ═
2024-08-12 13:23:34,727 INFO     ___FILE_ONLY___ ═
2024-08-12 13:23:34,741 INFO     ___FILE_ONLY___ ═
2024-08-12 13:23:34,757 INFO     ___FILE_ONLY___ ═
2024-08-12 13:23:34,772 INFO     ___FILE_ONLY___ ═
2024-08-12 13:23:34,787 INFO     ___FILE_ONLY___ ═
2024-08-12 13:23:34,802 INFO     ___FILE_ONLY___ ═
2024-08-12 13:23:34,817 INFO     ___FILE_ONLY___ ═
2024-08-12 13:23:34,832 INFO     ___FILE_ONLY___ ═
2024-08-12 13:23:34,848 INFO     ___FILE_ONLY___ ═
2024-08-12 13:23:34,862 INFO     ___FILE_ONLY___ ═
2024-08-12 13:23:34,877 INFO     ___FILE_ONLY___ ═
2024-08-12 13:23:34,892 INFO     ___FILE_ONLY___ ═
2024-08-12 13:23:34,907 INFO     ___FILE_ONLY___ ═
2024-08-12 13:23:34,923 INFO     ___FILE_ONLY___ ═
2024-08-12 13:23:34,938 INFO     ___FILE_ONLY___ ═
2024-08-12 13:23:34,952 INFO     ___FILE_ONLY___ ═
2024-08-12 13:23:34,967 INFO     ___FILE_ONLY___ ═
2024-08-12 13:23:34,983 INFO     ___FILE_ONLY___ ═
2024-08-12 13:23:34,998 INFO     ___FILE_ONLY___ ═
2024-08-12 13:23:35,403 INFO     ___FILE_ONLY___ ═
2024-08-12 13:23:35,429 INFO     ___FILE_ONLY___ ═
2024-08-12 13:23:35,449 INFO     ___FILE_ONLY___ ═
2024-08-12 13:23:35,469 INFO     ___FILE_ONLY___ ═
2024-08-12 13:23:35,496 INFO     ___FILE_ONLY___ ═
2024-08-12 13:23:35,531 INFO     ___FILE_ONLY___ ═
2024-08-12 13:23:35,555 INFO     ___FILE_ONLY___ ═
2024-08-12 13:23:35,579 INFO     ___FILE_ONLY___ ═
2024-08-12 13:23:35,728 INFO     ___FILE_ONLY___ ═
2024-08-12 13:23:35,749 INFO     ___FILE_ONLY___ ═
2024-08-12 13:23:35,845 INFO     ___FILE_ONLY___ ═
2024-08-12 13:23:35,866 INFO     ___FILE_ONLY___ ═
2024-08-12 13:23:35,891 INFO     ___FILE_ONLY___ ═
2024-08-12 13:23:35,915 INFO     ___FILE_ONLY___ ═
2024-08-12 13:23:35,937 INFO     ___FILE_ONLY___ ═
2024-08-12 13:23:35,964 INFO     ___FILE_ONLY___ ═
2024-08-12 13:23:35,992 INFO     ___FILE_ONLY___ ═
2024-08-12 13:23:36,043 INFO     ___FILE_ONLY___ ═
2024-08-12 13:23:36,064 INFO     ___FILE_ONLY___ ═
2024-08-12 13:23:36,084 INFO     ___FILE_ONLY___ ═
2024-08-12 13:23:36,109 INFO     ___FILE_ONLY___ ═
2024-08-12 13:23:36,135 INFO     ___FILE_ONLY___ ═
2024-08-12 13:23:36,168 INFO     ___FILE_ONLY___ ═
2024-08-12 13:23:37,361 INFO     ___FILE_ONLY___ ═
2024-08-12 13:23:37,378 INFO     ___FILE_ONLY___ ═
2024-08-12 13:23:37,396 INFO     ___FILE_ONLY___ ═
2024-08-12 13:23:37,396 INFO     ___FILE_ONLY___ ╝

2024-08-12 13:23:37,514 INFO     ___FILE_ONLY___ ╔════════════════════════════════════════════════════════════╗

2024-08-12 13:23:37,515 INFO     ___FILE_ONLY___ ╠═ Installing: Cloud Storage Command Line Tool              ═╣

2024-08-12 13:23:37,515 INFO     ___FILE_ONLY___ ╚
2024-08-12 13:23:38,326 INFO     ___FILE_ONLY___ ═
2024-08-12 13:23:38,340 INFO     ___FILE_ONLY___ ═
2024-08-12 13:23:38,358 INFO     ___FILE_ONLY___ ═
2024-08-12 13:23:38,380 INFO     ___FILE_ONLY___ ═
2024-08-12 13:23:38,398 INFO     ___FILE_ONLY___ ═
2024-08-12 13:23:38,417 INFO     ___FILE_ONLY___ ═
2024-08-12 13:23:38,433 INFO     ___FILE_ONLY___ ═
2024-08-12 13:23:38,458 INFO     ___FILE_ONLY___ ═
2024-08-12 13:23:38,473 INFO     ___FILE_ONLY___ ═
2024-08-12 13:23:38,486 INFO     ___FILE_ONLY___ ═
2024-08-12 13:23:38,499 INFO     ___FILE_ONLY___ ═
2024-08-12 13:23:38,545 INFO     ___FILE_ONLY___ ═
2024-08-12 13:23:38,560 INFO     ___FILE_ONLY___ ═
2024-08-12 13:23:38,575 INFO     ___FILE_ONLY___ ═
2024-08-12 13:23:38,590 INFO     ___FILE_ONLY___ ═
2024-08-12 13:23:38,601 INFO     ___FILE_ONLY___ ═
2024-08-12 13:23:38,613 INFO     ___FILE_ONLY___ ═
2024-08-12 13:23:38,626 INFO     ___FILE_ONLY___ ═
2024-08-12 13:23:38,637 INFO     ___FILE_ONLY___ ═
2024-08-12 13:23:38,650 INFO     ___FILE_ONLY___ ═
2024-08-12 13:23:38,662 INFO     ___FILE_ONLY___ ═
2024-08-12 13:23:38,672 INFO     ___FILE_ONLY___ ═
2024-08-12 13:23:38,684 INFO     ___FILE_ONLY___ ═
2024-08-12 13:23:38,701 INFO     ___FILE_ONLY___ ═
2024-08-12 13:23:38,713 INFO     ___FILE_ONLY___ ═
2024-08-12 13:23:38,727 INFO     ___FILE_ONLY___ ═
2024-08-12 13:23:38,743 INFO     ___FILE_ONLY___ ═
2024-08-12 13:23:38,758 INFO     ___FILE_ONLY___ ═
2024-08-12 13:23:38,772 INFO     ___FILE_ONLY___ ═
2024-08-12 13:23:38,794 INFO     ___FILE_ONLY___ ═
2024-08-12 13:23:38,806 INFO     ___FILE_ONLY___ ═
2024-08-12 13:23:38,821 INFO     ___FILE_ONLY___ ═
2024-08-12 13:23:38,835 INFO     ___FILE_ONLY___ ═
2024-08-12 13:23:38,854 INFO     ___FILE_ONLY___ ═
2024-08-12 13:23:38,866 INFO     ___FILE_ONLY___ ═
2024-08-12 13:23:38,880 INFO     ___FILE_ONLY___ ═
2024-08-12 13:23:38,897 INFO     ___FILE_ONLY___ ═
2024-08-12 13:23:38,914 INFO     ___FILE_ONLY___ ═
2024-08-12 13:23:38,931 INFO     ___FILE_ONLY___ ═
2024-08-12 13:23:38,951 INFO     ___FILE_ONLY___ ═
2024-08-12 13:23:38,967 INFO     ___FILE_ONLY___ ═
2024-08-12 13:23:38,981 INFO     ___FILE_ONLY___ ═
2024-08-12 13:23:38,994 INFO     ___FILE_ONLY___ ═
2024-08-12 13:23:39,010 INFO     ___FILE_ONLY___ ═
2024-08-12 13:23:39,026 INFO     ___FILE_ONLY___ ═
2024-08-12 13:23:39,042 INFO     ___FILE_ONLY___ ═
2024-08-12 13:23:39,059 INFO     ___FILE_ONLY___ ═
2024-08-12 13:23:39,073 INFO     ___FILE_ONLY___ ═
2024-08-12 13:23:39,090 INFO     ___FILE_ONLY___ ═
2024-08-12 13:23:39,104 INFO     ___FILE_ONLY___ ═
2024-08-12 13:23:39,116 INFO     ___FILE_ONLY___ ═
2024-08-12 13:23:39,128 INFO     ___FILE_ONLY___ ═
2024-08-12 13:23:39,142 INFO     ___FILE_ONLY___ ═
2024-08-12 13:23:39,155 INFO     ___FILE_ONLY___ ═
2024-08-12 13:23:39,171 INFO     ___FILE_ONLY___ ═
2024-08-12 13:23:39,183 INFO     ___FILE_ONLY___ ═
2024-08-12 13:23:39,197 INFO     ___FILE_ONLY___ ═
2024-08-12 13:23:39,220 INFO     ___FILE_ONLY___ ═
2024-08-12 13:23:39,239 INFO     ___FILE_ONLY___ ═
2024-08-12 13:23:39,259 INFO     ___FILE_ONLY___ ═
2024-08-12 13:23:39,259 INFO     ___FILE_ONLY___ ╝

2024-08-12 13:23:39,343 INFO     ___FILE_ONLY___ ╔════════════════════════════════════════════════════════════╗

2024-08-12 13:23:39,343 INFO     ___FILE_ONLY___ ╠═ Installing: Cloud Storage Command Line Tool (Platform... ═╣

2024-08-12 13:23:39,343 INFO     ___FILE_ONLY___ ╚
2024-08-12 13:23:39,344 INFO     ___FILE_ONLY___ ════════════════════════════════════════════════════════════
2024-08-12 13:23:39,345 INFO     ___FILE_ONLY___ ╝

2024-08-12 13:23:39,353 INFO     ___FILE_ONLY___ ╔════════════════════════════════════════════════════════════╗

2024-08-12 13:23:39,353 INFO     ___FILE_ONLY___ ╠═ Installing: Default set of gcloud commands               ═╣

2024-08-12 13:23:39,353 INFO     ___FILE_ONLY___ ╚
2024-08-12 13:23:39,360 INFO     ___FILE_ONLY___ ════════════════════════════════════════════════════════════
2024-08-12 13:23:39,360 INFO     ___FILE_ONLY___ ╝

2024-08-12 13:23:39,362 INFO     ___FILE_ONLY___ ╔════════════════════════════════════════════════════════════╗

2024-08-12 13:23:39,362 INFO     ___FILE_ONLY___ ╠═ Installing: Google Cloud CLI Core Libraries (Platform... ═╣

2024-08-12 13:23:39,362 INFO     ___FILE_ONLY___ ╚
2024-08-12 13:23:39,364 INFO     ___FILE_ONLY___ ══════════════════════════════
2024-08-12 13:23:39,364 INFO     ___FILE_ONLY___ ══════════════════════════════
2024-08-12 13:23:39,364 INFO     ___FILE_ONLY___ ╝

2024-08-12 13:23:39,372 INFO     ___FILE_ONLY___ ╔════════════════════════════════════════════════════════════╗

2024-08-12 13:23:39,373 INFO     ___FILE_ONLY___ ╠═ Installing: Google Cloud CRC32C Hash Tool                ═╣

2024-08-12 13:23:39,373 INFO     ___FILE_ONLY___ ╚
2024-08-12 13:23:39,379 INFO     ___FILE_ONLY___ ════════════════════════════════════════════════════════════
2024-08-12 13:23:39,379 INFO     ___FILE_ONLY___ ╝

2024-08-12 13:23:39,381 INFO     ___FILE_ONLY___ ╔════════════════════════════════════════════════════════════╗

2024-08-12 13:23:39,381 INFO     ___FILE_ONLY___ ╠═ Installing: Google Cloud CRC32C Hash Tool (Platform S... ═╣

2024-08-12 13:23:39,381 INFO     ___FILE_ONLY___ ╚
2024-08-12 13:23:39,420 INFO     ___FILE_ONLY___ ══════════════════════════════
2024-08-12 13:23:39,421 INFO     ___FILE_ONLY___ ══════════════════════════════
2024-08-12 13:23:39,421 INFO     ___FILE_ONLY___ ╝

2024-08-12 13:23:39,430 INFO     ___FILE_ONLY___ ╔════════════════════════════════════════════════════════════╗

2024-08-12 13:23:39,430 INFO     ___FILE_ONLY___ ╠═ Installing: gcloud cli dependencies (Platform Specific)  ═╣

2024-08-12 13:23:39,430 INFO     ___FILE_ONLY___ ╚
2024-08-12 13:23:39,430 INFO     ___FILE_ONLY___ ════════════════════════════════════════════════════════════
2024-08-12 13:23:39,431 INFO     ___FILE_ONLY___ ╝

2024-08-12 13:23:39,441 DEBUG    root            Updating notification cache...
2024-08-12 13:23:39,441 INFO     ___FILE_ONLY___ 

2024-08-12 13:23:39,444 INFO     ___FILE_ONLY___ Performing post processing steps...
2024-08-12 13:23:39,444 DEBUG    root            Executing command: ['/tools/google-cloud-sdk/bin/gcloud', 'components', 'post-process']
2024-08-12 13:23:51,993 DEBUG    ___FILE_ONLY___ 
2024-08-12 13:23:51,993 DEBUG    ___FILE_ONLY___ 
2024-08-12 13:23:52,226 INFO     ___FILE_ONLY___ 
Update done!


2024-08-12 13:23:52,230 DEBUG    root            Chosen display Format:none
2024-08-12 13:23:52,230 INFO     root            Display format: "none"
